Date: Fri Mar 25 15:52:58 CDT 2016
Recipient: LOCALHOST MARY KARYN JOHN ROGER VICKY ADRIAN ZACH JOHN 
Name: hello
Address: 
Phone Number: 
Fax Number: 
Message: 

Date: Fri Mar 25 15:53:27 CDT 2016
Recipient: LOCALHOST 
Name: hello
Address: 
Phone Number: 
Fax Number: 
Message: 

Date: Fri Mar 25 16:17:03 CDT 2016
Recipient: LOCALHOST 
Name: john doe
Address: 123
Phone Number: 9484-3394
Fax Number: 
Message: test message

Date: Fri Mar 25 16:19:40 CDT 2016
Recipient: 192.168.1.121 
Name: john doe
Address: 123
Phone Number: 837-3943
Fax Number: 
Message: 

Date: Fri Mar 25 16:20:13 CDT 2016
Recipient: 192.168.1.105 
Name: jane doe
Address: 
Phone Number: 
Fax Number: 
Message: 

Date: Fri Mar 25 16:20:29 CDT 2016
Recipient: LOCALHOST 192.168.1.105 192.168.1.121 JOHN ROGER VICKY ADRIAN ZACH JOHN 
Name: hello
Address: 
Phone Number: 
Fax Number: 
Message: 

Date: Fri Mar 25 16:20:46 CDT 2016
Recipient: LOCALHOST 192.168.1.105 192.168.1.121 JOHN ROGER VICKY ADRIAN ZACH JOHN 
Name: still nothing
Address: 
Phone Number: 
Fax Number: 
Message: 

Date: Mon Oct 03 17:23:33 CDT 2016
Recipient: LOCALHOST 
Name: aksjdnmc
Address: sdfk
Phone Number: 
Fax Number: 
Message: 

Date: Mon Oct 03 17:24:40 CDT 2016
Recipient: LOCALHOST 
Name: SJKDNCKASJDSADCASDC
Address: 
Phone Number: 
Fax Number: 
Message: 

